<?xml version="1.0" encoding="UTF-8"?>
<!-- Generated by org.testng.reporters.JUnitReportReporter -->
<testsuite hostname="DESKTOP-H2LCIE3" failures="0" tests="1" name="sampleapitests.OAuthTest" time="3.316" errors="0" timestamp="2024-03-17T16:59:42 IST" skipped="0">
  <testcase classname="sampleapitests.OAuthTest" name="oAuthTestSerandDS" time="3.316"/>
  <system-out/>
</testsuite> <!-- sampleapitests.OAuthTest -->
