<?xml version="1.0" encoding="UTF-8"?>
<!-- Generated by org.testng.reporters.JUnitReportReporter -->
<testsuite hostname="DESKTOP-H2LCIE3" failures="0" tests="1" name="sampleapitests.OAuthSDTest" time="3.619" errors="0" timestamp="2024-03-17T17:11:28 IST" skipped="0">
  <testcase classname="sampleapitests.OAuthSDTest" name="oAuthTestSerandDS" time="3.619"/>
  <system-out/>
</testsuite> <!-- sampleapitests.OAuthSDTest -->
