<?xml version="1.0" encoding="UTF-8"?>
<!-- Generated by org.testng.reporters.JUnitReportReporter -->
<testsuite hostname="DESKTOP-H2LCIE3" failures="0" tests="1" name="maptest.OAuthTest" time="2.885" errors="0" timestamp="2024-03-14T02:47:42 IST" skipped="0">
  <testcase classname="maptest.OAuthTest" name="oAuthTest" time="2.885"/>
  <system-out/>
</testsuite> <!-- maptest.OAuthTest -->
