<?xml version="1.0" encoding="UTF-8"?>
<!-- Generated by org.testng.reporters.JUnitReportReporter -->
<testsuite hostname="DESKTOP-H2LCIE3" failures="0" tests="1" name="maptest.ComplexJsonParsing" time="1.041" errors="0" timestamp="2024-03-13T02:19:55 IST" skipped="0">
  <testcase classname="maptest.ComplexJsonParsing" name="testingComplexJSONtest" time="1.041"/>
  <system-out/>
</testsuite> <!-- maptest.ComplexJsonParsing -->
