<?xml version="1.0" encoding="UTF-8"?>
<!-- Generated by org.testng.reporters.JUnitReportReporter -->
<testsuite hostname="DESKTOP-H2LCIE3" failures="0" tests="1" name="maptest.JIRATest" time="2.017" errors="0" timestamp="2024-03-13T22:12:06 IST" skipped="0">
  <testcase classname="maptest.JIRATest" name="testJIRAcreateIssue" time="2.017"/>
  <system-out/>
</testsuite> <!-- maptest.JIRATest -->
