<?xml version="1.0" encoding="UTF-8"?>
<!-- Generated by org.testng.reporters.JUnitReportReporter -->
<testsuite hostname="DESKTOP-H2LCIE3" failures="0" tests="8" name="maptest.LibraryAPITest" time="4.542" errors="0" timestamp="2024-03-13T03:40:52 IST" skipped="0">
  <testcase classname="maptest.LibraryAPITest" name="addBookTest" time="0.415"/>
  <system-out/>
  <testcase classname="maptest.LibraryAPITest" name="addBookTest" time="0.420"/>
  <system-out/>
  <testcase classname="maptest.LibraryAPITest" name="addBookTest" time="1.807"/>
  <system-out/>
  <testcase classname="maptest.LibraryAPITest" name="addBookTest" time="0.386"/>
  <system-out/>
  <testcase classname="maptest.LibraryAPITest" name="deleteBooks" time="0.354"/>
  <system-out/>
  <testcase classname="maptest.LibraryAPITest" name="deleteBooks" time="0.369"/>
  <system-out/>
  <testcase classname="maptest.LibraryAPITest" name="deleteBooks" time="0.399"/>
  <system-out/>
  <testcase classname="maptest.LibraryAPITest" name="deleteBooks" time="0.392"/>
  <system-out/>
</testsuite> <!-- maptest.LibraryAPITest -->
